<?xml version="1.0" encoding="UTF-8"?>
<!-- Generated by org.testng.reporters.JUnitReportReporter -->
<testsuite hostname="NBPE00065" failures="0" tests="2" name="TestNgAnnotations" time="0.001" errors="0" timestamp="04 Oct 2021 23:06:11 GMT" skipped="0">
  <testcase classname="TestNgAnnotations" name="testCase2" time="0.000"/>
  <testcase classname="TestNgAnnotations" name="testCase1" time="0.001"/>
</testsuite> <!-- TestNgAnnotations -->
